<?xml version="1.0" encoding="UTF-8" ?>
<testsuite tests="1" failures="0" name="com.samples.AppTest" time="0.009" errors="0" skipped="0">
  <properties>
    <property name="jansi.mode" value="force"/>
    <property name="java.runtime.name" value="Java(TM) SE Runtime Environment"/>
    <property name="java.vm.version" value="17.0.4.1+1-LTS-2"/>
    <property name="sun.boot.library.path" value="C:\Softwares\Oracle\Java17\JDK-17\bin"/>
    <property name="maven.multiModuleProjectDirectory" value="C:\Common\G\GL_AWS_Cloud_Participants\07_GL_AWS_Cloud_May_2023_Participants\Week-2\java-calculator-app"/>
    <property name="java.vm.vendor" value="Oracle Corporation"/>
    <property name="java.vendor.url" value="https://java.oracle.com/"/>
    <property name="guice.disable.misplaced.annotation.check" value="true"/>
    <property name="path.separator" value=";"/>
    <property name="java.vm.name" value="Java HotSpot(TM) 64-Bit Server VM"/>
    <property name="sun.os.patch.level" value=""/>
    <property name="user.script" value=""/>
    <property name="user.country" value="US"/>
    <property name="sun.java.launcher" value="SUN_STANDARD"/>
    <property name="java.vm.specification.name" value="Java Virtual Machine Specification"/>
    <property name="user.dir" value="C:\Common\G\GL_AWS_Cloud_Participants\07_GL_AWS_Cloud_May_2023_Participants\Week-2\java-calculator-app"/>
    <property name="java.vm.compressedOopsMode" value="Zero based"/>
    <property name="java.runtime.version" value="17.0.4.1+1-LTS-2"/>
    <property name="os.arch" value="amd64"/>
    <property name="java.io.tmpdir" value="C:\Users\sr198\AppData\Local\Temp\"/>
    <property name="line.separator" value="
"/>
    <property name="java.vm.specification.vendor" value="Oracle Corporation"/>
    <property name="user.variant" value=""/>
    <property name="os.name" value="Windows 11"/>
    <property name="classworlds.conf" value="C:\Common\G\GL_Java_FSD_Participants\_Eclipse-Web\.metadata\.plugins\org.eclipse.m2e.launching\launches\m2conf14899949242174913739.tmp"/>
    <property name="sun.jnu.encoding" value="Cp1252"/>
    <property name="java.library.path" value="C:\Softwares\Oracle\Java17\JDK-17\bin;C:\WINDOWS\Sun\Java\bin;C:\WINDOWS\system32;C:\WINDOWS;C:/Users/sr198/.p2/pool/plugins/org.eclipse.justj.openjdk.hotspot.jre.full.win32.x86_64_17.0.5.v20221102-0933/jre/bin/server;C:/Users/sr198/.p2/pool/plugins/org.eclipse.justj.openjdk.hotspot.jre.full.win32.x86_64_17.0.5.v20221102-0933/jre/bin;C:\Softwares\Python\Python-311\Scripts\;C:\Softwares\Python\Python-311\;C:\Program Files\Common Files\Oracle\Java\javapath;C:\Windows;C:\Windows\System32\Wbem;C:\Windows\System32\WindowsPowerShell\v1.0\;C:\Windows\System32\OpenSSH\;C:\Program Files\PuTTY\;C:\Softwares\Java\bin;C:\Windows\system32;C:\Softwares\Oracle\Java17\JDK-17\bin;C:\Softwares\MongoDB\6.0\bin;C:\Softwares\MongoDBShell\1.5.4\bin;C:\Program Files\Google\Chrome\Application\;C:\Users\sr198\AppData\Roaming\npm;C:\Program Files\Microsoft SQL Server\Client SDK\ODBC\170\Tools\Binn\;C:\Program Files (x86)\Microsoft SQL Server\150\Tools\Binn\;C:\Program Files\Microsoft SQL Server\150\Tools\Binn\;C:\Program Files\Microsoft SQL Server\150\DTS\Binn\;C:\ProgramData\chocolatey\bin;C:\WINDOWS\system32;C:\WINDOWS;C:\WINDOWS\System32\Wbem;C:\WINDOWS\System32\WindowsPowerShell\v1.0\;C:\WINDOWS\System32\OpenSSH\;C:\Softwares\Git\cmd;C:\Softwares\Maven\apache-maven-3.8.4\bin;C:\Program Files\7-Zip;C:\Softwares\MongoDB\Shell\mongosh-1.7.1-win32-x64\bin;C:\Softwares\MongoDB\Server\bin;;C:\Program Files\Docker\Docker\resources\bin;C:\Softwares\Pandoc\;C:\Program Files\Calibre2\;C:\Softwares\NodeJS\;C:\Softwares\AWS-CLI\;C:\Program Files\MySQL\MySQL Shell 8.0\bin\;C:\Users\sr198\AppData\Local\Microsoft\WindowsApps;C:\Windows\System32;C:\Users\sr198\Softwares\AWS\CLIv2;C:\Softwares\Microsoft\VisualStudioCode\bin;C:\Softwares\Gradle\gradle-7.5.1\bin;C:\Softwares\Oracle\Java17\JDK-17\bin;C:\Softwares\NodeJS;C:\Softwares\MongoDB\Server\bin;C:\Softwares\MongoDB\Shell\mongosh-1.7.1-win32-x64\bin;C:\Softwares\Nginx\nginx-1.22.1;C:\Users\sr198\AppData\Roaming\npm;C:\Terraform-Demo\terraform_1.7.4_windows_amd64;;C:\Softwares\Eclipse\Eclipse-Java-Web-v17\eclipse;;."/>
    <property name="jdk.debug" value="release"/>
    <property name="java.class.version" value="61.0"/>
    <property name="java.specification.name" value="Java Platform API Specification"/>
    <property name="sun.management.compiler" value="HotSpot 64-Bit Tiered Compilers"/>
    <property name="os.version" value="10.0"/>
    <property name="user.home" value="C:\Users\sr198"/>
    <property name="user.timezone" value="Asia/Calcutta"/>
    <property name="file.encoding" value="UTF-8"/>
    <property name="java.specification.version" value="17"/>
    <property name="user.name" value="sr1983"/>
    <property name="java.class.path" value="C:\Users\sr198\.p2\pool\plugins\org.eclipse.m2e.maven.runtime_3.8.601.20220820-1147\jars\plexus-classworlds-2.6.0.jar"/>
    <property name="java.vm.specification.version" value="17"/>
    <property name="sun.arch.data.model" value="64"/>
    <property name="sun.java.command" value="org.codehaus.plexus.classworlds.launcher.Launcher -B -Dstyle.color=always install"/>
    <property name="java.home" value="C:\Softwares\Oracle\Java17\JDK-17"/>
    <property name="user.language" value="en"/>
    <property name="java.specification.vendor" value="Oracle Corporation"/>
    <property name="java.vm.info" value="mixed mode, sharing"/>
    <property name="java.version" value="17.0.4.1"/>
    <property name="native.encoding" value="Cp1252"/>
    <property name="java.vendor" value="Oracle Corporation"/>
    <property name="maven.home" value="C:\Common\G\GL_AWS_Cloud_Participants\07_GL_AWS_Cloud_May_2023_Participants\Week-2\java-calculator-app\EMBEDDED"/>
    <property name="style.color" value="always"/>
    <property name="file.separator" value="\"/>
    <property name="java.version.date" value="2022-08-18"/>
    <property name="java.vendor.url.bug" value="https://bugreport.java.com/bugreport/"/>
    <property name="sun.io.unicode.encoding" value="UnicodeLittle"/>
    <property name="sun.cpu.endian" value="little"/>
    <property name="sun.cpu.isalist" value="amd64"/>
  </properties>
  <testcase classname="com.samples.AppTest" name="testApp" time="0.009"/>
</testsuite>